<?xml version="1.0" encoding="UTF-8"?>
<testsuite xmlns:xsi="http://www.w3.org/2001/XMLSchema-instance" xsi:noNamespaceSchemaLocation="https://maven.apache.org/surefire/maven-surefire-plugin/xsd/surefire-test-report-3.0.xsd" version="3.0" name="TestSuite" time="31.722" tests="10" errors="0" skipped="0" failures="0">
  <properties>
    <property name="java.specification.version" value="20"/>
    <property name="sun.jnu.encoding" value="UTF-8"/>
    <property name="java.class.path" value="/Users/munisaazimkhodjaeva/IntelliJ IDEA/Java_Programming/iTechArt_AQA/Review_Automation/NewAutomation/target/test-classes:/Users/munisaazimkhodjaeva/IntelliJ IDEA/Java_Programming/iTechArt_AQA/Review_Automation/NewAutomation/target/classes:/Users/munisaazimkhodjaeva/.m2/repository/org/webjars/chartjs/4.1.2/chartjs-4.1.2.jar:/Users/munisaazimkhodjaeva/.m2/repository/io/rest-assured/rest-assured/5.3.0/rest-assured-5.3.0.jar:/Users/munisaazimkhodjaeva/.m2/repository/org/apache/groovy/groovy/4.0.6/groovy-4.0.6.jar:/Users/munisaazimkhodjaeva/.m2/repository/org/apache/groovy/groovy-xml/4.0.6/groovy-xml-4.0.6.jar:/Users/munisaazimkhodjaeva/.m2/repository/org/apache/httpcomponents/httpclient/4.5.13/httpclient-4.5.13.jar:/Users/munisaazimkhodjaeva/.m2/repository/org/apache/httpcomponents/httpcore/4.4.13/httpcore-4.4.13.jar:/Users/munisaazimkhodjaeva/.m2/repository/commons-logging/commons-logging/1.2/commons-logging-1.2.jar:/Users/munisaazimkhodjaeva/.m2/repository/commons-codec/commons-codec/1.11/commons-codec-1.11.jar:/Users/munisaazimkhodjaeva/.m2/repository/org/apache/httpcomponents/httpmime/4.5.13/httpmime-4.5.13.jar:/Users/munisaazimkhodjaeva/.m2/repository/org/hamcrest/hamcrest/2.1/hamcrest-2.1.jar:/Users/munisaazimkhodjaeva/.m2/repository/org/ccil/cowan/tagsoup/tagsoup/1.2.1/tagsoup-1.2.1.jar:/Users/munisaazimkhodjaeva/.m2/repository/io/rest-assured/json-path/5.3.0/json-path-5.3.0.jar:/Users/munisaazimkhodjaeva/.m2/repository/org/apache/groovy/groovy-json/4.0.6/groovy-json-4.0.6.jar:/Users/munisaazimkhodjaeva/.m2/repository/io/rest-assured/rest-assured-common/5.3.0/rest-assured-common-5.3.0.jar:/Users/munisaazimkhodjaeva/.m2/repository/io/rest-assured/xml-path/5.3.0/xml-path-5.3.0.jar:/Users/munisaazimkhodjaeva/.m2/repository/junit/junit/4.13.2/junit-4.13.2.jar:/Users/munisaazimkhodjaeva/.m2/repository/org/hamcrest/hamcrest-core/1.3/hamcrest-core-1.3.jar:/Users/munisaazimkhodjaeva/.m2/repository/org/seleniumhq/selenium/selenium-java/4.8.0/selenium-java-4.8.0.jar:/Users/munisaazimkhodjaeva/.m2/repository/org/seleniumhq/selenium/selenium-api/4.8.0/selenium-api-4.8.0.jar:/Users/munisaazimkhodjaeva/.m2/repository/org/seleniumhq/selenium/selenium-chrome-driver/4.8.0/selenium-chrome-driver-4.8.0.jar:/Users/munisaazimkhodjaeva/.m2/repository/com/google/auto/service/auto-service-annotations/1.0.1/auto-service-annotations-1.0.1.jar:/Users/munisaazimkhodjaeva/.m2/repository/com/google/auto/service/auto-service/1.0.1/auto-service-1.0.1.jar:/Users/munisaazimkhodjaeva/.m2/repository/com/google/auto/auto-common/1.2/auto-common-1.2.jar:/Users/munisaazimkhodjaeva/.m2/repository/com/google/guava/guava/31.1-jre/guava-31.1-jre.jar:/Users/munisaazimkhodjaeva/.m2/repository/com/google/guava/failureaccess/1.0.1/failureaccess-1.0.1.jar:/Users/munisaazimkhodjaeva/.m2/repository/com/google/guava/listenablefuture/9999.0-empty-to-avoid-conflict-with-guava/listenablefuture-9999.0-empty-to-avoid-conflict-with-guava.jar:/Users/munisaazimkhodjaeva/.m2/repository/org/checkerframework/checker-qual/3.12.0/checker-qual-3.12.0.jar:/Users/munisaazimkhodjaeva/.m2/repository/com/google/errorprone/error_prone_annotations/2.11.0/error_prone_annotations-2.11.0.jar:/Users/munisaazimkhodjaeva/.m2/repository/com/google/j2objc/j2objc-annotations/1.3/j2objc-annotations-1.3.jar:/Users/munisaazimkhodjaeva/.m2/repository/org/seleniumhq/selenium/selenium-chromium-driver/4.8.0/selenium-chromium-driver-4.8.0.jar:/Users/munisaazimkhodjaeva/.m2/repository/org/seleniumhq/selenium/selenium-json/4.8.0/selenium-json-4.8.0.jar:/Users/munisaazimkhodjaeva/.m2/repository/org/seleniumhq/selenium/selenium-devtools-v107/4.8.0/selenium-devtools-v107-4.8.0.jar:/Users/munisaazimkhodjaeva/.m2/repository/org/seleniumhq/selenium/selenium-devtools-v108/4.8.0/selenium-devtools-v108-4.8.0.jar:/Users/munisaazimkhodjaeva/.m2/repository/org/seleniumhq/selenium/selenium-devtools-v109/4.8.0/selenium-devtools-v109-4.8.0.jar:/Users/munisaazimkhodjaeva/.m2/repository/org/seleniumhq/selenium/selenium-devtools-v85/4.8.0/selenium-devtools-v85-4.8.0.jar:/Users/munisaazimkhodjaeva/.m2/repository/org/seleniumhq/selenium/selenium-edge-driver/4.8.0/selenium-edge-driver-4.8.0.jar:/Users/munisaazimkhodjaeva/.m2/repository/org/seleniumhq/selenium/selenium-firefox-driver/4.8.0/selenium-firefox-driver-4.8.0.jar:/Users/munisaazimkhodjaeva/.m2/repository/org/seleniumhq/selenium/selenium-http/4.8.0/selenium-http-4.8.0.jar:/Users/munisaazimkhodjaeva/.m2/repository/dev/failsafe/failsafe/3.3.0/failsafe-3.3.0.jar:/Users/munisaazimkhodjaeva/.m2/repository/org/seleniumhq/selenium/selenium-ie-driver/4.8.0/selenium-ie-driver-4.8.0.jar:/Users/munisaazimkhodjaeva/.m2/repository/org/seleniumhq/selenium/selenium-remote-driver/4.8.0/selenium-remote-driver-4.8.0.jar:/Users/munisaazimkhodjaeva/.m2/repository/io/netty/netty-buffer/4.1.87.Final/netty-buffer-4.1.87.Final.jar:/Users/munisaazimkhodjaeva/.m2/repository/io/netty/netty-codec-http/4.1.87.Final/netty-codec-http-4.1.87.Final.jar:/Users/munisaazimkhodjaeva/.m2/repository/io/netty/netty-codec/4.1.87.Final/netty-codec-4.1.87.Final.jar:/Users/munisaazimkhodjaeva/.m2/repository/io/netty/netty-handler/4.1.87.Final/netty-handler-4.1.87.Final.jar:/Users/munisaazimkhodjaeva/.m2/repository/io/netty/netty-common/4.1.87.Final/netty-common-4.1.87.Final.jar:/Users/munisaazimkhodjaeva/.m2/repository/io/netty/netty-transport-classes-epoll/4.1.87.Final/netty-transport-classes-epoll-4.1.87.Final.jar:/Users/munisaazimkhodjaeva/.m2/repository/io/netty/netty-transport-classes-kqueue/4.1.87.Final/netty-transport-classes-kqueue-4.1.87.Final.jar:/Users/munisaazimkhodjaeva/.m2/repository/io/netty/netty-transport-native-epoll/4.1.87.Final/netty-transport-native-epoll-4.1.87.Final.jar:/Users/munisaazimkhodjaeva/.m2/repository/io/netty/netty-transport-native-kqueue/4.1.87.Final/netty-transport-native-kqueue-4.1.87.Final.jar:/Users/munisaazimkhodjaeva/.m2/repository/io/netty/netty-transport-native-unix-common/4.1.87.Final/netty-transport-native-unix-common-4.1.87.Final.jar:/Users/munisaazimkhodjaeva/.m2/repository/io/netty/netty-transport/4.1.87.Final/netty-transport-4.1.87.Final.jar:/Users/munisaazimkhodjaeva/.m2/repository/io/netty/netty-resolver/4.1.87.Final/netty-resolver-4.1.87.Final.jar:/Users/munisaazimkhodjaeva/.m2/repository/io/opentelemetry/opentelemetry-api/1.22.0/opentelemetry-api-1.22.0.jar:/Users/munisaazimkhodjaeva/.m2/repository/io/opentelemetry/opentelemetry-context/1.22.0/opentelemetry-context-1.22.0.jar:/Users/munisaazimkhodjaeva/.m2/repository/io/opentelemetry/opentelemetry-exporter-logging/1.22.0/opentelemetry-exporter-logging-1.22.0.jar:/Users/munisaazimkhodjaeva/.m2/repository/io/opentelemetry/opentelemetry-sdk-metrics/1.22.0/opentelemetry-sdk-metrics-1.22.0.jar:/Users/munisaazimkhodjaeva/.m2/repository/io/opentelemetry/opentelemetry-sdk-logs/1.22.0-alpha/opentelemetry-sdk-logs-1.22.0-alpha.jar:/Users/munisaazimkhodjaeva/.m2/repository/io/opentelemetry/opentelemetry-api-logs/1.22.0-alpha/opentelemetry-api-logs-1.22.0-alpha.jar:/Users/munisaazimkhodjaeva/.m2/repository/io/opentelemetry/opentelemetry-sdk-common/1.22.0/opentelemetry-sdk-common-1.22.0.jar:/Users/munisaazimkhodjaeva/.m2/repository/io/opentelemetry/opentelemetry-sdk-extension-autoconfigure-spi/1.22.0/opentelemetry-sdk-extension-autoconfigure-spi-1.22.0.jar:/Users/munisaazimkhodjaeva/.m2/repository/io/opentelemetry/opentelemetry-sdk-extension-autoconfigure/1.22.0-alpha/opentelemetry-sdk-extension-autoconfigure-1.22.0-alpha.jar:/Users/munisaazimkhodjaeva/.m2/repository/io/opentelemetry/opentelemetry-sdk-trace/1.22.0/opentelemetry-sdk-trace-1.22.0.jar:/Users/munisaazimkhodjaeva/.m2/repository/io/opentelemetry/opentelemetry-sdk/1.22.0/opentelemetry-sdk-1.22.0.jar:/Users/munisaazimkhodjaeva/.m2/repository/io/opentelemetry/opentelemetry-semconv/1.22.0-alpha/opentelemetry-semconv-1.22.0-alpha.jar:/Users/munisaazimkhodjaeva/.m2/repository/io/ous/jtoml/2.0.0/jtoml-2.0.0.jar:/Users/munisaazimkhodjaeva/.m2/repository/net/bytebuddy/byte-buddy/1.12.22/byte-buddy-1.12.22.jar:/Users/munisaazimkhodjaeva/.m2/repository/org/apache/commons/commons-exec/1.3/commons-exec-1.3.jar:/Users/munisaazimkhodjaeva/.m2/repository/org/asynchttpclient/async-http-client/2.12.3/async-http-client-2.12.3.jar:/Users/munisaazimkhodjaeva/.m2/repository/org/asynchttpclient/async-http-client-netty-utils/2.12.3/async-http-client-netty-utils-2.12.3.jar:/Users/munisaazimkhodjaeva/.m2/repository/io/netty/netty-codec-socks/4.1.60.Final/netty-codec-socks-4.1.60.Final.jar:/Users/munisaazimkhodjaeva/.m2/repository/io/netty/netty-handler-proxy/4.1.60.Final/netty-handler-proxy-4.1.60.Final.jar:/Users/munisaazimkhodjaeva/.m2/repository/io/netty/netty-transport-native-epoll/4.1.60.Final/netty-transport-native-epoll-4.1.60.Final-linux-x86_64.jar:/Users/munisaazimkhodjaeva/.m2/repository/io/netty/netty-transport-native-kqueue/4.1.60.Final/netty-transport-native-kqueue-4.1.60.Final-osx-x86_64.jar:/Users/munisaazimkhodjaeva/.m2/repository/org/reactivestreams/reactive-streams/1.0.3/reactive-streams-1.0.3.jar:/Users/munisaazimkhodjaeva/.m2/repository/com/typesafe/netty/netty-reactive-streams/2.0.4/netty-reactive-streams-2.0.4.jar:/Users/munisaazimkhodjaeva/.m2/repository/com/sun/activation/jakarta.activation/1.2.2/jakarta.activation-1.2.2.jar:/Users/munisaazimkhodjaeva/.m2/repository/org/seleniumhq/selenium/selenium-manager/4.8.0/selenium-manager-4.8.0.jar:/Users/munisaazimkhodjaeva/.m2/repository/org/seleniumhq/selenium/selenium-safari-driver/4.8.0/selenium-safari-driver-4.8.0.jar:/Users/munisaazimkhodjaeva/.m2/repository/org/seleniumhq/selenium/selenium-support/4.8.0/selenium-support-4.8.0.jar:/Users/munisaazimkhodjaeva/.m2/repository/org/testng/testng/7.7.1/testng-7.7.1.jar:/Users/munisaazimkhodjaeva/.m2/repository/org/slf4j/slf4j-api/1.7.36/slf4j-api-1.7.36.jar:/Users/munisaazimkhodjaeva/.m2/repository/com/beust/jcommander/1.82/jcommander-1.82.jar:/Users/munisaazimkhodjaeva/.m2/repository/org/webjars/jquery/3.6.1/jquery-3.6.1.jar:/Users/munisaazimkhodjaeva/.m2/repository/io/github/bonigarcia/webdrivermanager/5.3.2/webdrivermanager-5.3.2.jar:/Users/munisaazimkhodjaeva/.m2/repository/com/github/docker-java/docker-java/3.2.14/docker-java-3.2.14.jar:/Users/munisaazimkhodjaeva/.m2/repository/com/github/docker-java/docker-java-core/3.2.14/docker-java-core-3.2.14.jar:/Users/munisaazimkhodjaeva/.m2/repository/com/github/docker-java/docker-java-api/3.2.14/docker-java-api-3.2.14.jar:/Users/munisaazimkhodjaeva/.m2/repository/org/apache/commons/commons-compress/1.21/commons-compress-1.21.jar:/Users/munisaazimkhodjaeva/.m2/repository/org/bouncycastle/bcpkix-jdk15on/1.64/bcpkix-jdk15on-1.64.jar:/Users/munisaazimkhodjaeva/.m2/repository/org/bouncycastle/bcprov-jdk15on/1.64/bcprov-jdk15on-1.64.jar:/Users/munisaazimkhodjaeva/.m2/repository/org/slf4j/jcl-over-slf4j/1.7.30/jcl-over-slf4j-1.7.30.jar:/Users/munisaazimkhodjaeva/.m2/repository/com/github/docker-java/docker-java-transport-httpclient5/3.2.14/docker-java-transport-httpclient5-3.2.14.jar:/Users/munisaazimkhodjaeva/.m2/repository/com/github/docker-java/docker-java-transport/3.2.14/docker-java-transport-3.2.14.jar:/Users/munisaazimkhodjaeva/.m2/repository/net/java/dev/jna/jna/5.12.1/jna-5.12.1.jar:/Users/munisaazimkhodjaeva/.m2/repository/org/brotli/dec/0.1.2/dec-0.1.2.jar:/Users/munisaazimkhodjaeva/.m2/repository/org/apache/commons/commons-lang3/3.12.0/commons-lang3-3.12.0.jar:/Users/munisaazimkhodjaeva/.m2/repository/org/apache/httpcomponents/client5/httpclient5/5.2.1/httpclient5-5.2.1.jar:/Users/munisaazimkhodjaeva/.m2/repository/org/apache/httpcomponents/core5/httpcore5/5.2/httpcore5-5.2.jar:/Users/munisaazimkhodjaeva/.m2/repository/org/apache/httpcomponents/core5/httpcore5-h2/5.2/httpcore5-h2-5.2.jar:/Users/munisaazimkhodjaeva/.m2/repository/org/apache/maven/plugins/maven-compiler-plugin/3.8.1/maven-compiler-plugin-3.8.1.jar:/Users/munisaazimkhodjaeva/.m2/repository/org/apache/maven/maven-plugin-api/3.0/maven-plugin-api-3.0.jar:/Users/munisaazimkhodjaeva/.m2/repository/org/apache/maven/maven-model/3.0/maven-model-3.0.jar:/Users/munisaazimkhodjaeva/.m2/repository/org/sonatype/sisu/sisu-inject-plexus/1.4.2/sisu-inject-plexus-1.4.2.jar:/Users/munisaazimkhodjaeva/.m2/repository/org/sonatype/sisu/sisu-inject-bean/1.4.2/sisu-inject-bean-1.4.2.jar:/Users/munisaazimkhodjaeva/.m2/repository/org/sonatype/sisu/sisu-guice/2.1.7/sisu-guice-2.1.7-noaop.jar:/Users/munisaazimkhodjaeva/.m2/repository/org/apache/maven/maven-artifact/3.0/maven-artifact-3.0.jar:/Users/munisaazimkhodjaeva/.m2/repository/org/codehaus/plexus/plexus-utils/2.0.4/plexus-utils-2.0.4.jar:/Users/munisaazimkhodjaeva/.m2/repository/org/apache/maven/maven-core/3.0/maven-core-3.0.jar:/Users/munisaazimkhodjaeva/.m2/repository/org/apache/maven/maven-settings/3.0/maven-settings-3.0.jar:/Users/munisaazimkhodjaeva/.m2/repository/org/apache/maven/maven-settings-builder/3.0/maven-settings-builder-3.0.jar:/Users/munisaazimkhodjaeva/.m2/repository/org/apache/maven/maven-repository-metadata/3.0/maven-repository-metadata-3.0.jar:/Users/munisaazimkhodjaeva/.m2/repository/org/apache/maven/maven-model-builder/3.0/maven-model-builder-3.0.jar:/Users/munisaazimkhodjaeva/.m2/repository/org/apache/maven/maven-aether-provider/3.0/maven-aether-provider-3.0.jar:/Users/munisaazimkhodjaeva/.m2/repository/org/sonatype/aether/aether-impl/1.7/aether-impl-1.7.jar:/Users/munisaazimkhodjaeva/.m2/repository/org/sonatype/aether/aether-spi/1.7/aether-spi-1.7.jar:/Users/munisaazimkhodjaeva/.m2/repository/org/sonatype/aether/aether-api/1.7/aether-api-1.7.jar:/Users/munisaazimkhodjaeva/.m2/repository/org/sonatype/aether/aether-util/1.7/aether-util-1.7.jar:/Users/munisaazimkhodjaeva/.m2/repository/org/codehaus/plexus/plexus-interpolation/1.14/plexus-interpolation-1.14.jar:/Users/munisaazimkhodjaeva/.m2/repository/org/codehaus/plexus/plexus-classworlds/2.2.3/plexus-classworlds-2.2.3.jar:/Users/munisaazimkhodjaeva/.m2/repository/org/codehaus/plexus/plexus-component-annotations/1.5.5/plexus-component-annotations-1.5.5.jar:/Users/munisaazimkhodjaeva/.m2/repository/org/sonatype/plexus/plexus-sec-dispatcher/1.3/plexus-sec-dispatcher-1.3.jar:/Users/munisaazimkhodjaeva/.m2/repository/org/sonatype/plexus/plexus-cipher/1.4/plexus-cipher-1.4.jar:/Users/munisaazimkhodjaeva/.m2/repository/org/apache/maven/shared/maven-shared-utils/3.2.1/maven-shared-utils-3.2.1.jar:/Users/munisaazimkhodjaeva/.m2/repository/commons-io/commons-io/2.5/commons-io-2.5.jar:/Users/munisaazimkhodjaeva/.m2/repository/org/apache/maven/shared/maven-shared-incremental/1.1/maven-shared-incremental-1.1.jar:/Users/munisaazimkhodjaeva/.m2/repository/org/codehaus/plexus/plexus-java/0.9.10/plexus-java-0.9.10.jar:/Users/munisaazimkhodjaeva/.m2/repository/org/ow2/asm/asm/6.2/asm-6.2.jar:/Users/munisaazimkhodjaeva/.m2/repository/com/thoughtworks/qdox/qdox/2.0-M8/qdox-2.0-M8.jar:/Users/munisaazimkhodjaeva/.m2/repository/org/codehaus/plexus/plexus-compiler-api/2.8.4/plexus-compiler-api-2.8.4.jar:/Users/munisaazimkhodjaeva/.m2/repository/org/codehaus/plexus/plexus-compiler-manager/2.8.4/plexus-compiler-manager-2.8.4.jar:/Users/munisaazimkhodjaeva/.m2/repository/org/codehaus/plexus/plexus-compiler-javac/2.8.4/plexus-compiler-javac-2.8.4.jar:/Users/munisaazimkhodjaeva/.m2/repository/com/jayway/jsonpath/json-path/2.7.0/json-path-2.7.0.jar:/Users/munisaazimkhodjaeva/.m2/repository/net/minidev/json-smart/2.4.7/json-smart-2.4.7.jar:/Users/munisaazimkhodjaeva/.m2/repository/net/minidev/accessors-smart/2.4.7/accessors-smart-2.4.7.jar:/Users/munisaazimkhodjaeva/.m2/repository/org/json/json/20230227/json-20230227.jar:/Users/munisaazimkhodjaeva/.m2/repository/com/google/code/gson/gson/2.10.1/gson-2.10.1.jar:/Users/munisaazimkhodjaeva/.m2/repository/com/github/scribejava/scribejava-apis/8.3.3/scribejava-apis-8.3.3.jar:/Users/munisaazimkhodjaeva/.m2/repository/com/github/scribejava/scribejava-core/8.3.3/scribejava-core-8.3.3.jar:/Users/munisaazimkhodjaeva/.m2/repository/com/github/scribejava/scribejava-java8/8.3.3/scribejava-java8-8.3.3.jar:/Users/munisaazimkhodjaeva/.m2/repository/com/github/fge/json-schema-validator/2.2.6/json-schema-validator-2.2.6.jar:/Users/munisaazimkhodjaeva/.m2/repository/com/google/code/findbugs/jsr305/3.0.0/jsr305-3.0.0.jar:/Users/munisaazimkhodjaeva/.m2/repository/joda-time/joda-time/2.3/joda-time-2.3.jar:/Users/munisaazimkhodjaeva/.m2/repository/com/googlecode/libphonenumber/libphonenumber/6.2/libphonenumber-6.2.jar:/Users/munisaazimkhodjaeva/.m2/repository/com/github/fge/json-schema-core/1.2.5/json-schema-core-1.2.5.jar:/Users/munisaazimkhodjaeva/.m2/repository/com/github/fge/uri-template/0.9/uri-template-0.9.jar:/Users/munisaazimkhodjaeva/.m2/repository/com/github/fge/msg-simple/1.1/msg-simple-1.1.jar:/Users/munisaazimkhodjaeva/.m2/repository/com/github/fge/btf/1.2/btf-1.2.jar:/Users/munisaazimkhodjaeva/.m2/repository/com/github/fge/jackson-coreutils/1.8/jackson-coreutils-1.8.jar:/Users/munisaazimkhodjaeva/.m2/repository/org/mozilla/rhino/1.7R4/rhino-1.7R4.jar:/Users/munisaazimkhodjaeva/.m2/repository/javax/mail/mailapi/1.4.3/mailapi-1.4.3.jar:/Users/munisaazimkhodjaeva/.m2/repository/javax/activation/activation/1.1/activation-1.1.jar:/Users/munisaazimkhodjaeva/.m2/repository/net/sf/jopt-simple/jopt-simple/4.6/jopt-simple-4.6.jar:/Users/munisaazimkhodjaeva/.m2/repository/com/fasterxml/jackson/core/jackson-databind/2.15.1/jackson-databind-2.15.1.jar:/Users/munisaazimkhodjaeva/.m2/repository/com/fasterxml/jackson/core/jackson-annotations/2.15.1/jackson-annotations-2.15.1.jar:/Users/munisaazimkhodjaeva/.m2/repository/com/fasterxml/jackson/core/jackson-core/2.15.1/jackson-core-2.15.1.jar:/Users/munisaazimkhodjaeva/.m2/repository/log4j/log4j/1.2.17/log4j-1.2.17.jar:/Users/munisaazimkhodjaeva/.m2/repository/io/qameta/allure/allure-testng/2.23.0/allure-testng-2.23.0.jar:/Users/munisaazimkhodjaeva/.m2/repository/io/qameta/allure/allure-test-filter/2.23.0/allure-test-filter-2.23.0.jar:/Users/munisaazimkhodjaeva/.m2/repository/io/qameta/allure/allure-java-commons/2.23.0/allure-java-commons-2.23.0.jar:/Users/munisaazimkhodjaeva/.m2/repository/io/qameta/allure/allure-model/2.23.0/allure-model-2.23.0.jar:"/>
    <property name="java.vm.vendor" value="Homebrew"/>
    <property name="sun.arch.data.model" value="64"/>
    <property name="java.vendor.url" value="https://github.com/Homebrew/homebrew-core/issues"/>
    <property name="user.timezone" value="Asia/Dubai"/>
    <property name="os.name" value="Mac OS X"/>
    <property name="java.vm.specification.version" value="20"/>
    <property name="sun.java.launcher" value="SUN_STANDARD"/>
    <property name="user.country" value="UZ"/>
    <property name="sun.boot.library.path" value="/opt/homebrew/Cellar/openjdk/20.0.1/libexec/openjdk.jdk/Contents/Home/lib"/>
    <property name="sun.java.command" value="/Users/munisaazimkhodjaeva/IntelliJ IDEA/Java_Programming/iTechArt_AQA/Review_Automation/NewAutomation/target/surefire/surefirebooter4745704340151102168.jar /Users/munisaazimkhodjaeva/IntelliJ IDEA/Java_Programming/iTechArt_AQA/Review_Automation/NewAutomation/target/surefire 2024-05-31T14-19-45_081-jvmRun1 surefire942144708981728525tmp surefire_09324427746633945783tmp"/>
    <property name="http.nonProxyHosts" value="local|*.local|169.254/16|*.169.254/16"/>
    <property name="jdk.debug" value="release"/>
    <property name="surefire.test.class.path" value="/Users/munisaazimkhodjaeva/IntelliJ IDEA/Java_Programming/iTechArt_AQA/Review_Automation/NewAutomation/target/test-classes:/Users/munisaazimkhodjaeva/IntelliJ IDEA/Java_Programming/iTechArt_AQA/Review_Automation/NewAutomation/target/classes:/Users/munisaazimkhodjaeva/.m2/repository/org/webjars/chartjs/4.1.2/chartjs-4.1.2.jar:/Users/munisaazimkhodjaeva/.m2/repository/io/rest-assured/rest-assured/5.3.0/rest-assured-5.3.0.jar:/Users/munisaazimkhodjaeva/.m2/repository/org/apache/groovy/groovy/4.0.6/groovy-4.0.6.jar:/Users/munisaazimkhodjaeva/.m2/repository/org/apache/groovy/groovy-xml/4.0.6/groovy-xml-4.0.6.jar:/Users/munisaazimkhodjaeva/.m2/repository/org/apache/httpcomponents/httpclient/4.5.13/httpclient-4.5.13.jar:/Users/munisaazimkhodjaeva/.m2/repository/org/apache/httpcomponents/httpcore/4.4.13/httpcore-4.4.13.jar:/Users/munisaazimkhodjaeva/.m2/repository/commons-logging/commons-logging/1.2/commons-logging-1.2.jar:/Users/munisaazimkhodjaeva/.m2/repository/commons-codec/commons-codec/1.11/commons-codec-1.11.jar:/Users/munisaazimkhodjaeva/.m2/repository/org/apache/httpcomponents/httpmime/4.5.13/httpmime-4.5.13.jar:/Users/munisaazimkhodjaeva/.m2/repository/org/hamcrest/hamcrest/2.1/hamcrest-2.1.jar:/Users/munisaazimkhodjaeva/.m2/repository/org/ccil/cowan/tagsoup/tagsoup/1.2.1/tagsoup-1.2.1.jar:/Users/munisaazimkhodjaeva/.m2/repository/io/rest-assured/json-path/5.3.0/json-path-5.3.0.jar:/Users/munisaazimkhodjaeva/.m2/repository/org/apache/groovy/groovy-json/4.0.6/groovy-json-4.0.6.jar:/Users/munisaazimkhodjaeva/.m2/repository/io/rest-assured/rest-assured-common/5.3.0/rest-assured-common-5.3.0.jar:/Users/munisaazimkhodjaeva/.m2/repository/io/rest-assured/xml-path/5.3.0/xml-path-5.3.0.jar:/Users/munisaazimkhodjaeva/.m2/repository/junit/junit/4.13.2/junit-4.13.2.jar:/Users/munisaazimkhodjaeva/.m2/repository/org/hamcrest/hamcrest-core/1.3/hamcrest-core-1.3.jar:/Users/munisaazimkhodjaeva/.m2/repository/org/seleniumhq/selenium/selenium-java/4.8.0/selenium-java-4.8.0.jar:/Users/munisaazimkhodjaeva/.m2/repository/org/seleniumhq/selenium/selenium-api/4.8.0/selenium-api-4.8.0.jar:/Users/munisaazimkhodjaeva/.m2/repository/org/seleniumhq/selenium/selenium-chrome-driver/4.8.0/selenium-chrome-driver-4.8.0.jar:/Users/munisaazimkhodjaeva/.m2/repository/com/google/auto/service/auto-service-annotations/1.0.1/auto-service-annotations-1.0.1.jar:/Users/munisaazimkhodjaeva/.m2/repository/com/google/auto/service/auto-service/1.0.1/auto-service-1.0.1.jar:/Users/munisaazimkhodjaeva/.m2/repository/com/google/auto/auto-common/1.2/auto-common-1.2.jar:/Users/munisaazimkhodjaeva/.m2/repository/com/google/guava/guava/31.1-jre/guava-31.1-jre.jar:/Users/munisaazimkhodjaeva/.m2/repository/com/google/guava/failureaccess/1.0.1/failureaccess-1.0.1.jar:/Users/munisaazimkhodjaeva/.m2/repository/com/google/guava/listenablefuture/9999.0-empty-to-avoid-conflict-with-guava/listenablefuture-9999.0-empty-to-avoid-conflict-with-guava.jar:/Users/munisaazimkhodjaeva/.m2/repository/org/checkerframework/checker-qual/3.12.0/checker-qual-3.12.0.jar:/Users/munisaazimkhodjaeva/.m2/repository/com/google/errorprone/error_prone_annotations/2.11.0/error_prone_annotations-2.11.0.jar:/Users/munisaazimkhodjaeva/.m2/repository/com/google/j2objc/j2objc-annotations/1.3/j2objc-annotations-1.3.jar:/Users/munisaazimkhodjaeva/.m2/repository/org/seleniumhq/selenium/selenium-chromium-driver/4.8.0/selenium-chromium-driver-4.8.0.jar:/Users/munisaazimkhodjaeva/.m2/repository/org/seleniumhq/selenium/selenium-json/4.8.0/selenium-json-4.8.0.jar:/Users/munisaazimkhodjaeva/.m2/repository/org/seleniumhq/selenium/selenium-devtools-v107/4.8.0/selenium-devtools-v107-4.8.0.jar:/Users/munisaazimkhodjaeva/.m2/repository/org/seleniumhq/selenium/selenium-devtools-v108/4.8.0/selenium-devtools-v108-4.8.0.jar:/Users/munisaazimkhodjaeva/.m2/repository/org/seleniumhq/selenium/selenium-devtools-v109/4.8.0/selenium-devtools-v109-4.8.0.jar:/Users/munisaazimkhodjaeva/.m2/repository/org/seleniumhq/selenium/selenium-devtools-v85/4.8.0/selenium-devtools-v85-4.8.0.jar:/Users/munisaazimkhodjaeva/.m2/repository/org/seleniumhq/selenium/selenium-edge-driver/4.8.0/selenium-edge-driver-4.8.0.jar:/Users/munisaazimkhodjaeva/.m2/repository/org/seleniumhq/selenium/selenium-firefox-driver/4.8.0/selenium-firefox-driver-4.8.0.jar:/Users/munisaazimkhodjaeva/.m2/repository/org/seleniumhq/selenium/selenium-http/4.8.0/selenium-http-4.8.0.jar:/Users/munisaazimkhodjaeva/.m2/repository/dev/failsafe/failsafe/3.3.0/failsafe-3.3.0.jar:/Users/munisaazimkhodjaeva/.m2/repository/org/seleniumhq/selenium/selenium-ie-driver/4.8.0/selenium-ie-driver-4.8.0.jar:/Users/munisaazimkhodjaeva/.m2/repository/org/seleniumhq/selenium/selenium-remote-driver/4.8.0/selenium-remote-driver-4.8.0.jar:/Users/munisaazimkhodjaeva/.m2/repository/io/netty/netty-buffer/4.1.87.Final/netty-buffer-4.1.87.Final.jar:/Users/munisaazimkhodjaeva/.m2/repository/io/netty/netty-codec-http/4.1.87.Final/netty-codec-http-4.1.87.Final.jar:/Users/munisaazimkhodjaeva/.m2/repository/io/netty/netty-codec/4.1.87.Final/netty-codec-4.1.87.Final.jar:/Users/munisaazimkhodjaeva/.m2/repository/io/netty/netty-handler/4.1.87.Final/netty-handler-4.1.87.Final.jar:/Users/munisaazimkhodjaeva/.m2/repository/io/netty/netty-common/4.1.87.Final/netty-common-4.1.87.Final.jar:/Users/munisaazimkhodjaeva/.m2/repository/io/netty/netty-transport-classes-epoll/4.1.87.Final/netty-transport-classes-epoll-4.1.87.Final.jar:/Users/munisaazimkhodjaeva/.m2/repository/io/netty/netty-transport-classes-kqueue/4.1.87.Final/netty-transport-classes-kqueue-4.1.87.Final.jar:/Users/munisaazimkhodjaeva/.m2/repository/io/netty/netty-transport-native-epoll/4.1.87.Final/netty-transport-native-epoll-4.1.87.Final.jar:/Users/munisaazimkhodjaeva/.m2/repository/io/netty/netty-transport-native-kqueue/4.1.87.Final/netty-transport-native-kqueue-4.1.87.Final.jar:/Users/munisaazimkhodjaeva/.m2/repository/io/netty/netty-transport-native-unix-common/4.1.87.Final/netty-transport-native-unix-common-4.1.87.Final.jar:/Users/munisaazimkhodjaeva/.m2/repository/io/netty/netty-transport/4.1.87.Final/netty-transport-4.1.87.Final.jar:/Users/munisaazimkhodjaeva/.m2/repository/io/netty/netty-resolver/4.1.87.Final/netty-resolver-4.1.87.Final.jar:/Users/munisaazimkhodjaeva/.m2/repository/io/opentelemetry/opentelemetry-api/1.22.0/opentelemetry-api-1.22.0.jar:/Users/munisaazimkhodjaeva/.m2/repository/io/opentelemetry/opentelemetry-context/1.22.0/opentelemetry-context-1.22.0.jar:/Users/munisaazimkhodjaeva/.m2/repository/io/opentelemetry/opentelemetry-exporter-logging/1.22.0/opentelemetry-exporter-logging-1.22.0.jar:/Users/munisaazimkhodjaeva/.m2/repository/io/opentelemetry/opentelemetry-sdk-metrics/1.22.0/opentelemetry-sdk-metrics-1.22.0.jar:/Users/munisaazimkhodjaeva/.m2/repository/io/opentelemetry/opentelemetry-sdk-logs/1.22.0-alpha/opentelemetry-sdk-logs-1.22.0-alpha.jar:/Users/munisaazimkhodjaeva/.m2/repository/io/opentelemetry/opentelemetry-api-logs/1.22.0-alpha/opentelemetry-api-logs-1.22.0-alpha.jar:/Users/munisaazimkhodjaeva/.m2/repository/io/opentelemetry/opentelemetry-sdk-common/1.22.0/opentelemetry-sdk-common-1.22.0.jar:/Users/munisaazimkhodjaeva/.m2/repository/io/opentelemetry/opentelemetry-sdk-extension-autoconfigure-spi/1.22.0/opentelemetry-sdk-extension-autoconfigure-spi-1.22.0.jar:/Users/munisaazimkhodjaeva/.m2/repository/io/opentelemetry/opentelemetry-sdk-extension-autoconfigure/1.22.0-alpha/opentelemetry-sdk-extension-autoconfigure-1.22.0-alpha.jar:/Users/munisaazimkhodjaeva/.m2/repository/io/opentelemetry/opentelemetry-sdk-trace/1.22.0/opentelemetry-sdk-trace-1.22.0.jar:/Users/munisaazimkhodjaeva/.m2/repository/io/opentelemetry/opentelemetry-sdk/1.22.0/opentelemetry-sdk-1.22.0.jar:/Users/munisaazimkhodjaeva/.m2/repository/io/opentelemetry/opentelemetry-semconv/1.22.0-alpha/opentelemetry-semconv-1.22.0-alpha.jar:/Users/munisaazimkhodjaeva/.m2/repository/io/ous/jtoml/2.0.0/jtoml-2.0.0.jar:/Users/munisaazimkhodjaeva/.m2/repository/net/bytebuddy/byte-buddy/1.12.22/byte-buddy-1.12.22.jar:/Users/munisaazimkhodjaeva/.m2/repository/org/apache/commons/commons-exec/1.3/commons-exec-1.3.jar:/Users/munisaazimkhodjaeva/.m2/repository/org/asynchttpclient/async-http-client/2.12.3/async-http-client-2.12.3.jar:/Users/munisaazimkhodjaeva/.m2/repository/org/asynchttpclient/async-http-client-netty-utils/2.12.3/async-http-client-netty-utils-2.12.3.jar:/Users/munisaazimkhodjaeva/.m2/repository/io/netty/netty-codec-socks/4.1.60.Final/netty-codec-socks-4.1.60.Final.jar:/Users/munisaazimkhodjaeva/.m2/repository/io/netty/netty-handler-proxy/4.1.60.Final/netty-handler-proxy-4.1.60.Final.jar:/Users/munisaazimkhodjaeva/.m2/repository/io/netty/netty-transport-native-epoll/4.1.60.Final/netty-transport-native-epoll-4.1.60.Final-linux-x86_64.jar:/Users/munisaazimkhodjaeva/.m2/repository/io/netty/netty-transport-native-kqueue/4.1.60.Final/netty-transport-native-kqueue-4.1.60.Final-osx-x86_64.jar:/Users/munisaazimkhodjaeva/.m2/repository/org/reactivestreams/reactive-streams/1.0.3/reactive-streams-1.0.3.jar:/Users/munisaazimkhodjaeva/.m2/repository/com/typesafe/netty/netty-reactive-streams/2.0.4/netty-reactive-streams-2.0.4.jar:/Users/munisaazimkhodjaeva/.m2/repository/com/sun/activation/jakarta.activation/1.2.2/jakarta.activation-1.2.2.jar:/Users/munisaazimkhodjaeva/.m2/repository/org/seleniumhq/selenium/selenium-manager/4.8.0/selenium-manager-4.8.0.jar:/Users/munisaazimkhodjaeva/.m2/repository/org/seleniumhq/selenium/selenium-safari-driver/4.8.0/selenium-safari-driver-4.8.0.jar:/Users/munisaazimkhodjaeva/.m2/repository/org/seleniumhq/selenium/selenium-support/4.8.0/selenium-support-4.8.0.jar:/Users/munisaazimkhodjaeva/.m2/repository/org/testng/testng/7.7.1/testng-7.7.1.jar:/Users/munisaazimkhodjaeva/.m2/repository/org/slf4j/slf4j-api/1.7.36/slf4j-api-1.7.36.jar:/Users/munisaazimkhodjaeva/.m2/repository/com/beust/jcommander/1.82/jcommander-1.82.jar:/Users/munisaazimkhodjaeva/.m2/repository/org/webjars/jquery/3.6.1/jquery-3.6.1.jar:/Users/munisaazimkhodjaeva/.m2/repository/io/github/bonigarcia/webdrivermanager/5.3.2/webdrivermanager-5.3.2.jar:/Users/munisaazimkhodjaeva/.m2/repository/com/github/docker-java/docker-java/3.2.14/docker-java-3.2.14.jar:/Users/munisaazimkhodjaeva/.m2/repository/com/github/docker-java/docker-java-core/3.2.14/docker-java-core-3.2.14.jar:/Users/munisaazimkhodjaeva/.m2/repository/com/github/docker-java/docker-java-api/3.2.14/docker-java-api-3.2.14.jar:/Users/munisaazimkhodjaeva/.m2/repository/org/apache/commons/commons-compress/1.21/commons-compress-1.21.jar:/Users/munisaazimkhodjaeva/.m2/repository/org/bouncycastle/bcpkix-jdk15on/1.64/bcpkix-jdk15on-1.64.jar:/Users/munisaazimkhodjaeva/.m2/repository/org/bouncycastle/bcprov-jdk15on/1.64/bcprov-jdk15on-1.64.jar:/Users/munisaazimkhodjaeva/.m2/repository/org/slf4j/jcl-over-slf4j/1.7.30/jcl-over-slf4j-1.7.30.jar:/Users/munisaazimkhodjaeva/.m2/repository/com/github/docker-java/docker-java-transport-httpclient5/3.2.14/docker-java-transport-httpclient5-3.2.14.jar:/Users/munisaazimkhodjaeva/.m2/repository/com/github/docker-java/docker-java-transport/3.2.14/docker-java-transport-3.2.14.jar:/Users/munisaazimkhodjaeva/.m2/repository/net/java/dev/jna/jna/5.12.1/jna-5.12.1.jar:/Users/munisaazimkhodjaeva/.m2/repository/org/brotli/dec/0.1.2/dec-0.1.2.jar:/Users/munisaazimkhodjaeva/.m2/repository/org/apache/commons/commons-lang3/3.12.0/commons-lang3-3.12.0.jar:/Users/munisaazimkhodjaeva/.m2/repository/org/apache/httpcomponents/client5/httpclient5/5.2.1/httpclient5-5.2.1.jar:/Users/munisaazimkhodjaeva/.m2/repository/org/apache/httpcomponents/core5/httpcore5/5.2/httpcore5-5.2.jar:/Users/munisaazimkhodjaeva/.m2/repository/org/apache/httpcomponents/core5/httpcore5-h2/5.2/httpcore5-h2-5.2.jar:/Users/munisaazimkhodjaeva/.m2/repository/org/apache/maven/plugins/maven-compiler-plugin/3.8.1/maven-compiler-plugin-3.8.1.jar:/Users/munisaazimkhodjaeva/.m2/repository/org/apache/maven/maven-plugin-api/3.0/maven-plugin-api-3.0.jar:/Users/munisaazimkhodjaeva/.m2/repository/org/apache/maven/maven-model/3.0/maven-model-3.0.jar:/Users/munisaazimkhodjaeva/.m2/repository/org/sonatype/sisu/sisu-inject-plexus/1.4.2/sisu-inject-plexus-1.4.2.jar:/Users/munisaazimkhodjaeva/.m2/repository/org/sonatype/sisu/sisu-inject-bean/1.4.2/sisu-inject-bean-1.4.2.jar:/Users/munisaazimkhodjaeva/.m2/repository/org/sonatype/sisu/sisu-guice/2.1.7/sisu-guice-2.1.7-noaop.jar:/Users/munisaazimkhodjaeva/.m2/repository/org/apache/maven/maven-artifact/3.0/maven-artifact-3.0.jar:/Users/munisaazimkhodjaeva/.m2/repository/org/codehaus/plexus/plexus-utils/2.0.4/plexus-utils-2.0.4.jar:/Users/munisaazimkhodjaeva/.m2/repository/org/apache/maven/maven-core/3.0/maven-core-3.0.jar:/Users/munisaazimkhodjaeva/.m2/repository/org/apache/maven/maven-settings/3.0/maven-settings-3.0.jar:/Users/munisaazimkhodjaeva/.m2/repository/org/apache/maven/maven-settings-builder/3.0/maven-settings-builder-3.0.jar:/Users/munisaazimkhodjaeva/.m2/repository/org/apache/maven/maven-repository-metadata/3.0/maven-repository-metadata-3.0.jar:/Users/munisaazimkhodjaeva/.m2/repository/org/apache/maven/maven-model-builder/3.0/maven-model-builder-3.0.jar:/Users/munisaazimkhodjaeva/.m2/repository/org/apache/maven/maven-aether-provider/3.0/maven-aether-provider-3.0.jar:/Users/munisaazimkhodjaeva/.m2/repository/org/sonatype/aether/aether-impl/1.7/aether-impl-1.7.jar:/Users/munisaazimkhodjaeva/.m2/repository/org/sonatype/aether/aether-spi/1.7/aether-spi-1.7.jar:/Users/munisaazimkhodjaeva/.m2/repository/org/sonatype/aether/aether-api/1.7/aether-api-1.7.jar:/Users/munisaazimkhodjaeva/.m2/repository/org/sonatype/aether/aether-util/1.7/aether-util-1.7.jar:/Users/munisaazimkhodjaeva/.m2/repository/org/codehaus/plexus/plexus-interpolation/1.14/plexus-interpolation-1.14.jar:/Users/munisaazimkhodjaeva/.m2/repository/org/codehaus/plexus/plexus-classworlds/2.2.3/plexus-classworlds-2.2.3.jar:/Users/munisaazimkhodjaeva/.m2/repository/org/codehaus/plexus/plexus-component-annotations/1.5.5/plexus-component-annotations-1.5.5.jar:/Users/munisaazimkhodjaeva/.m2/repository/org/sonatype/plexus/plexus-sec-dispatcher/1.3/plexus-sec-dispatcher-1.3.jar:/Users/munisaazimkhodjaeva/.m2/repository/org/sonatype/plexus/plexus-cipher/1.4/plexus-cipher-1.4.jar:/Users/munisaazimkhodjaeva/.m2/repository/org/apache/maven/shared/maven-shared-utils/3.2.1/maven-shared-utils-3.2.1.jar:/Users/munisaazimkhodjaeva/.m2/repository/commons-io/commons-io/2.5/commons-io-2.5.jar:/Users/munisaazimkhodjaeva/.m2/repository/org/apache/maven/shared/maven-shared-incremental/1.1/maven-shared-incremental-1.1.jar:/Users/munisaazimkhodjaeva/.m2/repository/org/codehaus/plexus/plexus-java/0.9.10/plexus-java-0.9.10.jar:/Users/munisaazimkhodjaeva/.m2/repository/org/ow2/asm/asm/6.2/asm-6.2.jar:/Users/munisaazimkhodjaeva/.m2/repository/com/thoughtworks/qdox/qdox/2.0-M8/qdox-2.0-M8.jar:/Users/munisaazimkhodjaeva/.m2/repository/org/codehaus/plexus/plexus-compiler-api/2.8.4/plexus-compiler-api-2.8.4.jar:/Users/munisaazimkhodjaeva/.m2/repository/org/codehaus/plexus/plexus-compiler-manager/2.8.4/plexus-compiler-manager-2.8.4.jar:/Users/munisaazimkhodjaeva/.m2/repository/org/codehaus/plexus/plexus-compiler-javac/2.8.4/plexus-compiler-javac-2.8.4.jar:/Users/munisaazimkhodjaeva/.m2/repository/com/jayway/jsonpath/json-path/2.7.0/json-path-2.7.0.jar:/Users/munisaazimkhodjaeva/.m2/repository/net/minidev/json-smart/2.4.7/json-smart-2.4.7.jar:/Users/munisaazimkhodjaeva/.m2/repository/net/minidev/accessors-smart/2.4.7/accessors-smart-2.4.7.jar:/Users/munisaazimkhodjaeva/.m2/repository/org/json/json/20230227/json-20230227.jar:/Users/munisaazimkhodjaeva/.m2/repository/com/google/code/gson/gson/2.10.1/gson-2.10.1.jar:/Users/munisaazimkhodjaeva/.m2/repository/com/github/scribejava/scribejava-apis/8.3.3/scribejava-apis-8.3.3.jar:/Users/munisaazimkhodjaeva/.m2/repository/com/github/scribejava/scribejava-core/8.3.3/scribejava-core-8.3.3.jar:/Users/munisaazimkhodjaeva/.m2/repository/com/github/scribejava/scribejava-java8/8.3.3/scribejava-java8-8.3.3.jar:/Users/munisaazimkhodjaeva/.m2/repository/com/github/fge/json-schema-validator/2.2.6/json-schema-validator-2.2.6.jar:/Users/munisaazimkhodjaeva/.m2/repository/com/google/code/findbugs/jsr305/3.0.0/jsr305-3.0.0.jar:/Users/munisaazimkhodjaeva/.m2/repository/joda-time/joda-time/2.3/joda-time-2.3.jar:/Users/munisaazimkhodjaeva/.m2/repository/com/googlecode/libphonenumber/libphonenumber/6.2/libphonenumber-6.2.jar:/Users/munisaazimkhodjaeva/.m2/repository/com/github/fge/json-schema-core/1.2.5/json-schema-core-1.2.5.jar:/Users/munisaazimkhodjaeva/.m2/repository/com/github/fge/uri-template/0.9/uri-template-0.9.jar:/Users/munisaazimkhodjaeva/.m2/repository/com/github/fge/msg-simple/1.1/msg-simple-1.1.jar:/Users/munisaazimkhodjaeva/.m2/repository/com/github/fge/btf/1.2/btf-1.2.jar:/Users/munisaazimkhodjaeva/.m2/repository/com/github/fge/jackson-coreutils/1.8/jackson-coreutils-1.8.jar:/Users/munisaazimkhodjaeva/.m2/repository/org/mozilla/rhino/1.7R4/rhino-1.7R4.jar:/Users/munisaazimkhodjaeva/.m2/repository/javax/mail/mailapi/1.4.3/mailapi-1.4.3.jar:/Users/munisaazimkhodjaeva/.m2/repository/javax/activation/activation/1.1/activation-1.1.jar:/Users/munisaazimkhodjaeva/.m2/repository/net/sf/jopt-simple/jopt-simple/4.6/jopt-simple-4.6.jar:/Users/munisaazimkhodjaeva/.m2/repository/com/fasterxml/jackson/core/jackson-databind/2.15.1/jackson-databind-2.15.1.jar:/Users/munisaazimkhodjaeva/.m2/repository/com/fasterxml/jackson/core/jackson-annotations/2.15.1/jackson-annotations-2.15.1.jar:/Users/munisaazimkhodjaeva/.m2/repository/com/fasterxml/jackson/core/jackson-core/2.15.1/jackson-core-2.15.1.jar:/Users/munisaazimkhodjaeva/.m2/repository/log4j/log4j/1.2.17/log4j-1.2.17.jar:/Users/munisaazimkhodjaeva/.m2/repository/io/qameta/allure/allure-testng/2.23.0/allure-testng-2.23.0.jar:/Users/munisaazimkhodjaeva/.m2/repository/io/qameta/allure/allure-test-filter/2.23.0/allure-test-filter-2.23.0.jar:/Users/munisaazimkhodjaeva/.m2/repository/io/qameta/allure/allure-java-commons/2.23.0/allure-java-commons-2.23.0.jar:/Users/munisaazimkhodjaeva/.m2/repository/io/qameta/allure/allure-model/2.23.0/allure-model-2.23.0.jar:"/>
    <property name="sun.cpu.endian" value="little"/>
    <property name="user.home" value="/Users/munisaazimkhodjaeva"/>
    <property name="user.language" value="en"/>
    <property name="java.specification.vendor" value="Oracle Corporation"/>
    <property name="java.version.date" value="2023-04-18"/>
    <property name="java.home" value="/opt/homebrew/Cellar/openjdk/20.0.1/libexec/openjdk.jdk/Contents/Home"/>
    <property name="file.separator" value="/"/>
    <property name="basedir" value="/Users/munisaazimkhodjaeva/IntelliJ IDEA/Java_Programming/iTechArt_AQA/Review_Automation/NewAutomation"/>
    <property name="java.vm.compressedOopsMode" value="Zero based"/>
    <property name="line.separator" value="&#10;"/>
    <property name="java.vm.specification.vendor" value="Oracle Corporation"/>
    <property name="java.specification.name" value="Java Platform API Specification"/>
    <property name="apple.awt.application.name" value="ForkedBooter"/>
    <property name="surefire.real.class.path" value="/Users/munisaazimkhodjaeva/IntelliJ IDEA/Java_Programming/iTechArt_AQA/Review_Automation/NewAutomation/target/surefire/surefirebooter4745704340151102168.jar"/>
    <property name="sun.management.compiler" value="HotSpot 64-Bit Tiered Compilers"/>
    <property name="ftp.nonProxyHosts" value="local|*.local|169.254/16|*.169.254/16"/>
    <property name="java.runtime.version" value="20.0.1"/>
    <property name="user.name" value="munisaazimkhodjaeva"/>
    <property name="stdout.encoding" value="UTF-8"/>
    <property name="path.separator" value=":"/>
    <property name="os.version" value="12.6"/>
    <property name="java.runtime.name" value="OpenJDK Runtime Environment"/>
    <property name="file.encoding" value="UTF-8"/>
    <property name="java.vm.name" value="OpenJDK 64-Bit Server VM"/>
    <property name="java.vendor.version" value="Homebrew"/>
    <property name="localRepository" value="/Users/munisaazimkhodjaeva/.m2/repository"/>
    <property name="java.vendor.url.bug" value="https://github.com/Homebrew/homebrew-core/issues"/>
    <property name="java.io.tmpdir" value="/var/folders/lf/2cchpxt96h936rs16rycx3fw0000gn/T/"/>
    <property name="java.version" value="20.0.1"/>
    <property name="user.dir" value="/Users/munisaazimkhodjaeva/IntelliJ IDEA/Java_Programming/iTechArt_AQA/Review_Automation/NewAutomation"/>
    <property name="os.arch" value="aarch64"/>
    <property name="java.vm.specification.name" value="Java Virtual Machine Specification"/>
    <property name="suite-xml" value="testng.xml"/>
    <property name="native.encoding" value="UTF-8"/>
    <property name="java.library.path" value="/Users/munisaazimkhodjaeva/Library/Java/Extensions:/Library/Java/Extensions:/Network/Library/Java/Extensions:/System/Library/Java/Extensions:/usr/lib/java:."/>
    <property name="java.vm.info" value="mixed mode, sharing"/>
    <property name="stderr.encoding" value="UTF-8"/>
    <property name="java.vendor" value="Homebrew"/>
    <property name="java.vm.version" value="20.0.1"/>
    <property name="sun.io.unicode.encoding" value="UnicodeBig"/>
    <property name="socksNonProxyHosts" value="local|*.local|169.254/16|*.169.254/16"/>
    <property name="java.class.version" value="64.0"/>
  </properties>
  <testcase name="createProjectWithMinimumLength" classname="APITests.Project.CreateProject.Negative.CreateProjectNegativeCases" time="7.358">
    <system-err><![CDATA[SLF4J: Failed to load class "org.slf4j.impl.StaticLoggerBinder".
SLF4J: Defaulting to no-operation (NOP) logger implementation
SLF4J: See http://www.slf4j.org/codes.html#StaticLoggerBinder for further details.
]]></system-err>
  </testcase>
  <testcase name="createProjectWithMaximumLength" classname="APITests.Project.CreateProject.Negative.CreateProjectNegativeCases" time="0.699"/>
  <testcase name="createProjectWithEmptyTitle" classname="APITests.Project.CreateProject.Negative.CreateProjectNegativeCases" time="0.739">
    <system-out><![CDATA[Get: {"status":false,"errorMessage":"Data is invalid.","errorFields":[{"field":"title","error":"Title is required."}]}
]]></system-out>
  </testcase>
  <testcase name="createProjectWithEmptyCode" classname="APITests.Project.CreateProject.Negative.CreateProjectNegativeCases" time="0.883"/>
  <testcase name="createProjectUnauthenticated" classname="APITests.Project.CreateProject.Negative.CreateProjectNegativeCases" time="0.827"/>
  <testcase name="deleteProjectByCode" classname="APITests.Project.DeleteProject.Positive.DeleteProjectPositiveCases" time="6.499"/>
  <testcase name="deleteProjectByCodeNegativeCaseOne" classname="APITests.Project.DeleteProject.Negative.DeleteProjectNegativeCases" time="0.757"/>
  <testcase name="deleteProjectByCodeNegativeCaseThree" classname="APITests.Project.DeleteProject.Negative.DeleteProjectNegativeCases" time="0.901"/>
  <testcase name="createTestSuitePositiveCases[Models.TestSuite@3e0600a4](1)" classname="APITests.TestSuite.CreateTestSuite.Positive.CreateTestSuitePositiveCases" time="6.458">
    <system-out><![CDATA[body{"status":true,"result":{"id":1}}
]]></system-out>
  </testcase>
  <testcase name="createTestSuitePositiveCases[Models.TestSuite@60655642](2)" classname="APITests.TestSuite.CreateTestSuite.Positive.CreateTestSuitePositiveCases" time="1.43">
    <system-out><![CDATA[body{"status":true,"result":{"id":2}}
]]></system-out>
  </testcase>
</testsuite>