<?xml version="1.0" encoding="UTF-8"?>
<!-- Generated by org.testng.reporters.JUnitReportReporter -->
<testsuite hostname="MacBook-Pro-Munisa.local" failures="0" tests="5" name="APITests.Project.CreateProject.Negative.CreateProjectNegativeCases" time="9.314" errors="0" timestamp="2024-05-29T13:33:51 GST" skipped="0">
  <testcase classname="APITests.Project.CreateProject.Negative.CreateProjectNegativeCases" name="createProjectWithMinimumLength" time="5.912"/>
  <system-out/>
  <testcase classname="APITests.Project.CreateProject.Negative.CreateProjectNegativeCases" name="createProjectWithMaximumLength" time="0.776"/>
  <system-out/>
  <testcase classname="APITests.Project.CreateProject.Negative.CreateProjectNegativeCases" name="createProjectWithEmptyTitle" time="0.885"/>
  <system-out/>
  <testcase classname="APITests.Project.CreateProject.Negative.CreateProjectNegativeCases" name="createProjectWithEmptyCode" time="0.816"/>
  <system-out/>
  <testcase classname="APITests.Project.CreateProject.Negative.CreateProjectNegativeCases" name="createProjectUnathenticated" time="0.925"/>
  <system-out/>
</testsuite> <!-- APITests.Project.CreateProject.Negative.CreateProjectNegativeCases -->
