<?xml version="1.0" encoding="UTF-8"?>
<!-- Generated by org.testng.reporters.JUnitReportReporter -->
<testsuite hostname="MacBook-Pro-Munisa.local" failures="0" tests="5" name="APITests.Project.CreateProject.Negative.CreateProjectNegativeCases" time="10.741" errors="0" timestamp="2024-05-31T16:05:56 GST" skipped="0">
  <testcase classname="APITests.Project.CreateProject.Negative.CreateProjectNegativeCases" name="createProjectWithMinimumLength" time="7.430"/>
  <system-out/>
  <testcase classname="APITests.Project.CreateProject.Negative.CreateProjectNegativeCases" name="createProjectWithMaximumLength" time="0.724"/>
  <system-out/>
  <testcase classname="APITests.Project.CreateProject.Negative.CreateProjectNegativeCases" name="createProjectWithEmptyTitle" time="0.901"/>
  <system-out/>
  <testcase classname="APITests.Project.CreateProject.Negative.CreateProjectNegativeCases" name="createProjectWithEmptyCode" time="0.861"/>
  <system-out/>
  <testcase classname="APITests.Project.CreateProject.Negative.CreateProjectNegativeCases" name="createProjectUnauthenticated" time="0.825"/>
  <system-out/>
</testsuite> <!-- APITests.Project.CreateProject.Negative.CreateProjectNegativeCases -->
