<?xml version="1.0" encoding="UTF-8"?>
<!-- Generated by org.testng.reporters.JUnitReportReporter -->
<testsuite hostname="MacBook-Pro-Munisa.local" failures="0" tests="2" name="APITests.Project.CreateProject.Positive.CreateProjectPositiveCases" time="8.599" errors="0" timestamp="2024-05-30T11:20:06 GST" skipped="0">
  <testcase classname="APITests.Project.CreateProject.Positive.CreateProjectPositiveCases" name="createProjectPositiveCase" time="7.663"/>
  <system-out/>
  <testcase classname="APITests.Project.CreateProject.Positive.CreateProjectPositiveCases" name="createProjectPositiveCase" time="0.936"/>
  <system-out/>
</testsuite> <!-- APITests.Project.CreateProject.Positive.CreateProjectPositiveCases -->
