<?xml version="1.0" encoding="UTF-8"?>
<!-- Generated by org.testng.reporters.JUnitReportReporter -->
<testsuite hostname="MacBook-Pro-Munisa.local" failures="0" tests="2" name="APITests.Project.CreateProject.Positive.CreateProjectPositiveCases" time="10.141" errors="0" timestamp="2024-05-29T13:33:51 GST" skipped="0">
  <testcase classname="APITests.Project.CreateProject.Positive.CreateProjectPositiveCases" name="createProjectPositiveCase" time="1.996"/>
  <system-out/>
  <testcase classname="APITests.Project.CreateProject.Positive.CreateProjectPositiveCases" name="createProjectPositiveCase" time="8.145"/>
  <system-out/>
</testsuite> <!-- APITests.Project.CreateProject.Positive.CreateProjectPositiveCases -->
