<?xml version="1.0" encoding="UTF-8"?>
<!-- Generated by org.testng.reporters.JUnitReportReporter -->
<testsuite hostname="MacBook-Pro-Munisa.local" failures="0" tests="2" name="APITests.Project.DeleteProject.Negative.DeleteProjectNegativeCases" time="1.651" errors="0" timestamp="2024-05-31T14:20:17 GST" skipped="0">
  <testcase classname="APITests.Project.DeleteProject.Negative.DeleteProjectNegativeCases" name="deleteProjectByCodeNegativeCaseOne" time="0.763"/>
  <system-out/>
  <testcase classname="APITests.Project.DeleteProject.Negative.DeleteProjectNegativeCases" name="deleteProjectByCodeNegativeCaseThree" time="0.888"/>
  <system-out/>
</testsuite> <!-- APITests.Project.DeleteProject.Negative.DeleteProjectNegativeCases -->
