<?xml version="1.0" encoding="UTF-8"?>
<!-- Generated by org.testng.reporters.JUnitReportReporter -->
<testsuite hostname="MacBook-Pro-Munisa.local" failures="0" tests="5" name="APITests.Project.CreateProject.Negative.CreateProjectNegativeCases" time="9.948" errors="0" timestamp="2024-05-31T12:04:39 GST" skipped="0">
  <testcase classname="APITests.Project.CreateProject.Negative.CreateProjectNegativeCases" name="createProjectWithMinimumLength" time="7.100"/>
  <system-out/>
  <testcase classname="APITests.Project.CreateProject.Negative.CreateProjectNegativeCases" name="createProjectWithMaximumLength" time="0.685"/>
  <system-out/>
  <testcase classname="APITests.Project.CreateProject.Negative.CreateProjectNegativeCases" name="createProjectWithEmptyTitle" time="0.695"/>
  <system-out/>
  <testcase classname="APITests.Project.CreateProject.Negative.CreateProjectNegativeCases" name="createProjectWithEmptyCode" time="0.768"/>
  <system-out/>
  <testcase classname="APITests.Project.CreateProject.Negative.CreateProjectNegativeCases" name="createProjectUnauthenticated" time="0.700"/>
  <system-out/>
</testsuite> <!-- APITests.Project.CreateProject.Negative.CreateProjectNegativeCases -->
