<?xml version="1.0" encoding="UTF-8"?>
<!-- Generated by org.testng.reporters.JUnitReportReporter -->
<testsuite hostname="MacBook-Pro-Munisa.local" failures="0" tests="5" name="APITests.Project.CreateProject.Negative.CreateProjectNegativeCases" time="10.442" errors="0" timestamp="2024-05-31T14:20:17 GST" skipped="0">
  <testcase classname="APITests.Project.CreateProject.Negative.CreateProjectNegativeCases" name="createProjectWithMinimumLength" time="7.318"/>
  <system-out/>
  <testcase classname="APITests.Project.CreateProject.Negative.CreateProjectNegativeCases" name="createProjectWithMaximumLength" time="0.689"/>
  <system-out/>
  <testcase classname="APITests.Project.CreateProject.Negative.CreateProjectNegativeCases" name="createProjectWithEmptyTitle" time="0.727"/>
  <system-out/>
  <testcase classname="APITests.Project.CreateProject.Negative.CreateProjectNegativeCases" name="createProjectWithEmptyCode" time="0.882"/>
  <system-out/>
  <testcase classname="APITests.Project.CreateProject.Negative.CreateProjectNegativeCases" name="createProjectUnauthenticated" time="0.826"/>
  <system-out/>
</testsuite> <!-- APITests.Project.CreateProject.Negative.CreateProjectNegativeCases -->
