<?xml version="1.0" encoding="UTF-8"?>
<!-- Generated by org.testng.reporters.JUnitReportReporter -->
<testsuite hostname="MacBook-Pro-Munisa.local" failures="0" tests="5" name="APITests.Project.CreateProject.Negative.CreateProjectNegativeCases" time="9.081" errors="0" timestamp="2024-05-30T11:20:06 GST" skipped="0">
  <testcase classname="APITests.Project.CreateProject.Negative.CreateProjectNegativeCases" name="createProjectWithMinimumLength" time="0.934"/>
  <system-out/>
  <testcase classname="APITests.Project.CreateProject.Negative.CreateProjectNegativeCases" name="createProjectWithMaximumLength" time="0.904"/>
  <system-out/>
  <testcase classname="APITests.Project.CreateProject.Negative.CreateProjectNegativeCases" name="createProjectWithEmptyTitle" time="5.710"/>
  <system-out/>
  <testcase classname="APITests.Project.CreateProject.Negative.CreateProjectNegativeCases" name="createProjectWithEmptyCode" time="0.825"/>
  <system-out/>
  <testcase classname="APITests.Project.CreateProject.Negative.CreateProjectNegativeCases" name="createProjectUnathenticated" time="0.708"/>
  <system-out/>
</testsuite> <!-- APITests.Project.CreateProject.Negative.CreateProjectNegativeCases -->
