<?xml version="1.0" encoding="UTF-8"?>
<!-- Generated by org.testng.reporters.JUnitReportReporter -->
<testsuite hostname="MacBook-Pro-Munisa.local" failures="0" tests="2" name="APITests.TestSuite.CreateTestSuite.Positive.CreateTestSuitePositiveCases" time="8.017" errors="0" timestamp="2024-05-31T16:05:56 GST" skipped="0">
  <testcase classname="APITests.TestSuite.CreateTestSuite.Positive.CreateTestSuitePositiveCases" name="createTestSuitePositiveCases" time="6.510"/>
  <system-out/>
  <testcase classname="APITests.TestSuite.CreateTestSuite.Positive.CreateTestSuitePositiveCases" name="createTestSuitePositiveCases" time="1.507"/>
  <system-out/>
</testsuite> <!-- APITests.TestSuite.CreateTestSuite.Positive.CreateTestSuitePositiveCases -->
