<?xml version="1.0" encoding="UTF-8"?>
<!-- Generated by org.testng.reporters.JUnitReportReporter -->
<testsuite hostname="MacBook-Pro-Munisa.local" failures="0" tests="4" name="APITests.TestSuite.CreateTestSuite.Negative.CreateTestSuiteNegativeCases" time="7.916" errors="0" timestamp="2024-05-31T16:05:56 GST" skipped="0">
  <testcase classname="APITests.TestSuite.CreateTestSuite.Negative.CreateTestSuiteNegativeCases" name="createTestSuiteNegativeTestTwo" time="5.722"/>
  <system-out/>
  <testcase classname="APITests.TestSuite.CreateTestSuite.Negative.CreateTestSuiteNegativeCases" name="createTestSuiteNegativeTestFour" time="0.724"/>
  <system-out/>
  <testcase classname="APITests.TestSuite.CreateTestSuite.Negative.CreateTestSuiteNegativeCases" name="createTestSuiteNegativeTestOne" time="0.736"/>
  <system-out/>
  <testcase classname="APITests.TestSuite.CreateTestSuite.Negative.CreateTestSuiteNegativeCases" name="createTestSuiteNegativeTestThree" time="0.734"/>
  <system-out/>
</testsuite> <!-- APITests.TestSuite.CreateTestSuite.Negative.CreateTestSuiteNegativeCases -->
