<?xml version="1.0" encoding="UTF-8"?>
<!-- Generated by org.testng.reporters.JUnitReportReporter -->
<testsuite hostname="MacBook-Pro-Munisa.local" failures="0" tests="1" name="APITests.Project.DeleteProject.Positive.DeleteProjectPositiveCases" time="6.499" errors="0" timestamp="2024-05-31T14:20:17 GST" skipped="0">
  <testcase classname="APITests.Project.DeleteProject.Positive.DeleteProjectPositiveCases" name="deleteProjectByCode" time="6.499"/>
  <system-out/>
</testsuite> <!-- APITests.Project.DeleteProject.Positive.DeleteProjectPositiveCases -->
